<?xml version="1.0" encoding="UTF-8"?>
<!-- Generated by org.testng.reporters.JUnitXMLReporter -->
<testsuite ignored="0" hostname="DESKTOP-02BK2UT" failures="0" tests="1" name="Surefire test" time="0.055" errors="0" timestamp="2024-06-07T12:07:16 IST">
  <testcase classname="qa.Test.HomePageTest" name="@BeforeTest setUp" time="0.012">
    <failure type="java.lang.NullPointerException" message="Cannot invoke &amp;quot;org.openqa.selenium.WebDriver.get(String)&amp;quot; because &amp;quot;qa.Base.Base.driver&amp;quot; is null">
      <![CDATA[java.lang.NullPointerException: Cannot invoke "org.openqa.selenium.WebDriver.get(String)" because "qa.Base.Base.driver" is null
at qa.Base.Base.initilization(Base.java:36)
at qa.Test.HomePageTest.setUp(HomePageTest.java:22)
... Removed 27 stack frames]]>
    </failure>
  </testcase> <!-- @BeforeTest setUp -->
  <testcase classname="qa.Test.HomePageTest" name="getTitle" time="0.001">
    <skipped/>
  </testcase> <!-- getTitle -->
</testsuite> <!-- Surefire test -->
