<?xml version="1.0" encoding="UTF-8"?>
<!-- Generated by org.testng.reporters.JUnitXMLReporter -->
<testsuite ignored="0" hostname="DESKTOP-02BK2UT" failures="0" tests="3" name="Default test" time="5.469" errors="0" timestamp="2024-06-07T17:16:45 IST">
  <testcase classname="qa.Test.TableSortPageTest" name="click" time="0.085"/>
  <testcase classname="qa.Test.TableSortPageTest" name="getTItleTableSort" time="0.018"/>
  <testcase classname="qa.Test.TableSortPageTest" name="searchText" time="0.068"/>
</testsuite> <!-- Default test -->
